2023-09-22T21:12:34.119Z [ERROR] - Method: GET, URL: /users/650d6e6b22b5566353ffac32, Description: No such user exists in the system
2023-09-22T21:17:42.489Z [ERROR] - Method: PUT, URL: /users/650d6e6b2b5663533ffac32, Description: You dont have permissions
2023-09-22T21:34:36.120Z [ERROR] - Method: PUT, URL: /users/650d6e7b22b5663533ffac32, Description: You dont have permissions
2023-09-22T21:34:39.794Z [ERROR] - Method: GET, URL: /users/650d6e6b22b5566353ffac32, Description: No such user exists in the system
2023-09-22T21:41:37.638Z [ERROR] - Method: POST, URL: /users, Description: E11000 duplicate key error collection: Hayne's_Cards_API.users index: email_1 dup key: { email: "yossi@gmail.com" }
2023-09-22T21:41:52.371Z [ERROR] - Method: PUT, URL: /users/650d6e7b22b5663533ffac32, Description: You dont have permissions
2023-09-22T21:42:04.294Z [ERROR] - Method: PUT, URL: /users/650d6e7b22b5663533ffac32, Description: You dont have permissions
2023-09-22T21:42:05.762Z [ERROR] - Method: PUT, URL: /users/650d6e7b22b5663533ffac32, Description: You dont have permissions
2023-09-22T21:46:42.523Z [ERROR] - Method: PUT, URL: /users/650d6e6b22b5663533ffac32, Description: The request to update user  failed
2023-09-22T21:46:58.862Z [ERROR] - Method: PATCH, URL: /users/650d6e6b225663533ffac32, Description: You dont have permissions
2023-09-22T21:47:02.526Z [ERROR] - Method: PATCH, URL: /users/650d6e6b225663533ffac32, Description: You dont have permissions
2023-09-22T21:47:05.260Z [ERROR] - Method: PATCH, URL: /users/650d6e6b225663533ffac32, Description: You dont have permissions
2023-09-22T21:47:12.983Z [ERROR] - Method: POST, URL: /users, Description: E11000 duplicate key error collection: Hayne's_Cards_API.users index: email_1 dup key: { email: "yossi@gmail.com" }
2023-09-22T21:47:53.649Z [ERROR] - Method: POST, URL: /users, Description: The biz number is exist please try another number
2023-09-22T21:49:01.351Z [ERROR] - Method: PUT, URL: /users/650d6e6b22b5663533ffac32, Description: The request to update user  failed
2023-09-22T21:49:06.343Z [ERROR] - Method: PUT, URL: /users/650d6e6b22b5663533ffac32, Description: The request to update user  failed
2023-09-22T21:49:32.778Z [ERROR] - Method: PUT, URL: /users/650d6e6b22b5663533ffac32, Description: The request to update user  failed
2023-09-22T21:49:53.338Z [ERROR] - Method: PUT, URL: /users/650d6e6b22b5663533ffac32, Description: The request to update user  failed
2023-09-22T21:49:55.951Z [ERROR] - Method: GET, URL: /users/650d6e6b22b5566353ffac32, Description: No such user exists in the system
2023-09-22T21:50:51.069Z [ERROR] - Method: PUT, URL: /users/650d6e6b22b5663533ffac32, Description: The request to update user  failed
2023-09-22T21:52:05.672Z [ERROR] - Method: PATCH, URL: /users/650e0b7d41f823ecd70d14c2, Description: You dont have permissions
2023-09-22T21:52:39.114Z [ERROR] - Method: PATCH, URL: /users/650e0b7d41f823ecd70d14c2, Description: You dont have permissions
2023-09-22T21:53:17.256Z [ERROR] - Method: PATCH, URL: /users/650d6e6b2285663533ffac32, Description: You dont have permissions
2023-09-22T21:53:45.816Z [ERROR] - Method: DELETE, URL: /cards/650d982610645d2a5df12193, Description: The ID of this card not exist
2023-09-22T21:53:51.934Z [ERROR] - Method: DELETE, URL: /users/650d71a9906c92f024a5ba2d, Description: No such user exists in the system
2023-09-22T21:54:16.604Z [ERROR] - Method: POST, URL: /users/login, Description: Invalid email or password
2023-09-22T21:54:40.333Z [ERROR] - Method: GET, URL: /users/650e0b7d1f823ecd70d14c2, Description: The request to update user  failed
2023-09-22T21:55:20.287Z [ERROR] - Method: PUT, URL: /users/650d6e6b22b5663533ffac32, Description: You dont have permissions
2023-09-22T21:55:25.809Z [ERROR] - Method: PUT, URL: /users/650e0b7d41f823ecd70d14c2, Description: The request to updateuser  failed
2023-09-22T21:55:26.627Z [ERROR] - Method: PUT, URL: /users/650e0b7d41f823ecd70d14c2, Description: The request to updateuser  failed
2023-09-22T21:55:30.657Z [ERROR] - Method: PUT, URL: /users/650e0b7d41f23ecd70d14c2, Description: You dont have permissions
2023-09-22T21:55:42.043Z [ERROR] - Method: PUT, URL: /users/650e0b7d41f823ecd70d14c2, Description: The request to updateuser  failed
2023-09-22T21:55:45.300Z [ERROR] - Method: PUT, URL: /users/650e0b6d41f823ecd70d14c2, Description: You dont have permissions
2023-09-22T21:56:45.547Z [ERROR] - Method: PUT, URL: /users/650e0b6d41f823ecd70d14c2, Description: You dont have permissions
2023-09-22T21:56:57.350Z [ERROR] - Method: PUT, URL: /users/650e0b7d41f823ecd70d14c2, Description: The request to updateuser failed
2023-09-22T21:57:04.329Z [ERROR] - Method: PUT, URL: /users/650e0b7d41f823ecd70d14c2, Description: The request to update user failed
2023-09-22T21:58:13.168Z [ERROR] - Method: PUT, URL: /users/650e0b7d41f823ecd70d14c2, Description: The request to update user failed
2023-09-22T22:00:13.807Z [ERROR] - Method: PUT, URL: /users/650e0b7d41f823ecd70d14c2, Description: The request to update user failed
2023-09-22T22:00:29.140Z [ERROR] - Method: PUT, URL: /users/650e0b7d41f823ecd70d14c2, Description: The request to update user failed
2023-09-22T22:00:35.229Z [ERROR] - Method: PUT, URL: /users/650e0b7d41f823ecd70d14c2, Description: The request to update user failed
2023-09-22T22:01:21.904Z [ERROR] - Method: POST, URL: /users, Description: The biz number is exist please try another number
2023-09-22T22:01:59.381Z [ERROR] - Method: PUT, URL: /users/650e0b7d41f823ecd70d14c2, Description: The request to update user failed
2023-09-22T22:03:02.942Z [ERROR] - Method: PUT, URL: /users/650e0b7d41f823ecd70d14c2, Description: The biz number is exist please try another biz number
2023-09-22T22:03:11.717Z [ERROR] - Method: PUT, URL: /users/650e0b7d41f823ecd70d14c2, Description: The email is exist please try another email
2023-09-22T22:03:15.840Z [ERROR] - Method: PUT, URL: /users/650e0b7d41f823ecd70d14c2, Description: The email is exist please try another email
2023-09-22T22:04:31.917Z [ERROR] - Method: POST, URL: /users, Description: The biz number is exist please try another biz number
2023-09-22T22:10:42.183Z [ERROR] - Method: POST, URL: /users/login, Description: Invalid email or password
2023-09-22T22:10:45.631Z [ERROR] - Method: POST, URL: /users/login, Description: Invalid email or password
2023-09-22T22:10:47.226Z [ERROR] - Method: POST, URL: /users/login, Description: Invalid email or password
2023-09-22T22:10:53.493Z [ERROR] - Method: POST, URL: /users/login, Description: Invalid email or password
2023-09-22T22:10:55.675Z [ERROR] - Method: POST, URL: /users/login, Description: Invalid email or password
2023-09-22T22:11:14.427Z [ERROR] - Method: POST, URL: /users/login, Description: Invalid email or password
2023-09-22T22:11:15.014Z [ERROR] - Method: POST, URL: /users/login, Description: Invalid email or password
2023-09-22T22:11:15.554Z [ERROR] - Method: POST, URL: /users/login, Description: The user is block to 24 please try log in later
2023-09-22T22:11:20.918Z [ERROR] - Method: POST, URL: /users/login, Description: The user is block to 24 please try log in later
2023-09-22T22:11:21.584Z [ERROR] - Method: POST, URL: /users/login, Description: The user is block to 24 please try log in later
2023-09-22T22:11:33.868Z [ERROR] - Method: POST, URL: /users/login, Description: The user is block to 24 please try log in later
2023-09-22T22:11:35.146Z [ERROR] - Method: POST, URL: /users/login, Description: The user is block to 24 please try log in later
2023-09-22T22:11:51.038Z [ERROR] - Method: POST, URL: /users/login, Description: Invalid email or password
2023-09-22T22:11:56.620Z [ERROR] - Method: POST, URL: /users/login, Description: Invalid email or password
2023-09-22T22:16:08.595Z [ERROR] - Method: GET, URL: /cards/650d982610645d2a5df12180, Description: The card with the given ID was not found
2023-09-22T22:16:17.759Z [ERROR] - Method: GET, URL: /cards/650d9826106d2a5df12180, Description: Get this card request fail
2023-09-22T22:26:59.447Z [ERROR] - Method: GET, URL: /cards/650d9826106d2a5df12180, Description: The request to get,this card undefined failed
2023-09-22T22:28:15.343Z [ERROR] - Method: GET, URL: /cards/650d9826106d2a5df12180, Description: The request to get this card failed
2023-09-22T22:28:20.183Z [ERROR] - Method: GET, URL: /cards/650d826106d2a5df12180, Description: The request to get this card failed
2023-09-22T22:28:30.903Z [ERROR] - Method: GET, URL: /cards/650d9ade8cd8d88b68d2aa3d, Description: No such cards exists in the system
2023-09-22T22:29:26.727Z [ERROR] - Method: PATCH, URL: /cards/650d982610645d2adf12160, Description: The request to like this card failed
2023-09-22T22:29:34.860Z [ERROR] - Method: DELETE, URL: /cards/650e1531cb37baf704f22e2, Description: The request to delete,card undefined failed
2023-09-22T22:30:16.488Z [ERROR] - Method: DELETE, URL: /cards/650e1531cb37baf704f22e2, Description: The request to delete card failed
2023-09-22T22:30:31.445Z [ERROR] - Method: DELETE, URL: /cards/650e1532cab7baf704f22e5, Description: The request to delete card failed
2023-09-22T22:30:35.407Z [ERROR] - Method: DELETE, URL: /cards/650e1532c4ab7baf704f22e5, Description: No such cards exists in the system
2023-09-22T22:30:48.606Z [ERROR] - Method: PUT, URL: /cards/65015324ab37baf704f22e5, Description: No such cards exists in the system
2023-09-22T22:30:58.596Z [ERROR] - Method: PUT, URL: /cards/650e1532cab37baf704f22e5, Description: ValidationError: "title" is required
